<?xml version="1.0" encoding="utf-8"?><testsuites name="pytest tests"><testsuite name="pytest" errors="0" failures="0" skipped="0" tests="33" time="6.872" timestamp="2026-04-06T00:21:49.244315+00:00" hostname="agent-env-adb0b6d5-1983-4cf7-8ed4-edd7d268f519"><testcase classname="backend.tests.test_abdoulgame.TestHealthAndBasicEndpoints" name="test_api_root" time="0.212" /><testcase classname="backend.tests.test_abdoulgame.TestHealthAndBasicEndpoints" name="test_security_headers" time="0.144" /><testcase classname="backend.tests.test_abdoulgame.TestKnowledgeDatabase" name="test_get_knowledge_db" time="0.109" /><testcase classname="backend.tests.test_abdoulgame.TestKnowledgeDatabase" name="test_knowledge_db_has_all_languages" time="0.118" /><testcase classname="backend.tests.test_abdoulgame.TestKnowledgeDatabase" name="test_knowledge_db_has_categories" time="0.104" /><testcase classname="backend.tests.test_abdoulgame.TestCategories" name="test_get_categories" time="0.111" /><testcase classname="backend.tests.test_abdoulgame.TestCategories" name="test_categories_have_translations" time="0.104" /><testcase classname="backend.tests.test_abdoulgame.TestGameGeneration" name="test_generate_game_level_1_spanish" time="0.119" /><testcase classname="backend.tests.test_abdoulgame.TestGameGeneration" name="test_generate_game_level_5_english" time="0.099" /><testcase classname="backend.tests.test_abdoulgame.TestGameGeneration" name="test_generate_game_level_10_french" time="0.105" /><testcase classname="backend.tests.test_abdoulgame.TestGameGeneration" name="test_words_have_category_info" time="0.116" /><testcase classname="backend.tests.test_abdoulgame.TestGameGeneration" name="test_generate_game_by_category" time="0.110" /><testcase classname="backend.tests.test_abdoulgame.TestAIHintsAndWisdom" name="test_get_hint_spanish" time="0.113" /><testcase classname="backend.tests.test_abdoulgame.TestAIHintsAndWisdom" name="test_get_hint_english" time="0.099" /><testcase classname="backend.tests.test_abdoulgame.TestAIHintsAndWisdom" name="test_get_hint_french" time="0.126" /><testcase classname="backend.tests.test_abdoulgame.TestAIHintsAndWisdom" name="test_get_wisdom_spanish" time="0.110" /><testcase classname="backend.tests.test_abdoulgame.TestAIHintsAndWisdom" name="test_get_wisdom_english" time="0.110" /><testcase classname="backend.tests.test_abdoulgame.TestAIHintsAndWisdom" name="test_get_wisdom_french" time="0.116" /><testcase classname="backend.tests.test_abdoulgame.TestAIHintsAndWisdom" name="test_wisdom_for_all_categories" time="1.301" /><testcase classname="backend.tests.test_abdoulgame.TestShareFeature" name="test_share_spanish" time="0.111" /><testcase classname="backend.tests.test_abdoulgame.TestShareFeature" name="test_share_english" time="0.099" /><testcase classname="backend.tests.test_abdoulgame.TestScores" name="test_save_score" time="0.113" /><testcase classname="backend.tests.test_abdoulgame.TestScores" name="test_get_top_scores" time="0.123" /><testcase classname="backend.tests.test_abdoulgame.TestScores" name="test_input_sanitization" time="0.107" /><testcase classname="backend.tests.test_abdoulgame.TestNewEndpointsV6" name="test_get_achievements_spanish" time="0.095" /><testcase classname="backend.tests.test_abdoulgame.TestNewEndpointsV6" name="test_get_achievements_english" time="0.114" /><testcase classname="backend.tests.test_abdoulgame.TestNewEndpointsV6" name="test_get_achievements_french" time="0.099" /><testcase classname="backend.tests.test_abdoulgame.TestNewEndpointsV6" name="test_inspirational_quote_philosophy" time="0.125" /><testcase classname="backend.tests.test_abdoulgame.TestNewEndpointsV6" name="test_inspirational_quote_all_categories" time="1.358" /><testcase classname="backend.tests.test_abdoulgame.TestNewEndpointsV6" name="test_inspirational_quote_all_languages" time="0.341" /><testcase classname="backend.tests.test_abdoulgame.TestNewEndpointsV6" name="test_daily_challenge_spanish" time="0.117" /><testcase classname="backend.tests.test_abdoulgame.TestNewEndpointsV6" name="test_daily_challenge_consistency" time="0.205" /><testcase classname="backend.tests.test_abdoulgame.TestNewEndpointsV6" name="test_daily_challenge_all_languages" time="0.313" /></testsuite></testsuites>